<?xml version="1.0" encoding="UTF-8"?>
<!-- Generated by org.testng.reporters.JUnitReportReporter -->
<testsuite hostname="GiriJay" failures="0" tests="1" name="Base.baseclass" time="3.758" errors="0" timestamp="2024-07-11T17:56:43 EDT" skipped="0">
  <testcase classname="Base.baseclass" name="setUpDriver" time="3.758"/>
  <system-out/>
</testsuite> <!-- Base.baseclass -->
