<?xml version="1.0" encoding="UTF-8"?>
<!-- Generated by org.testng.reporters.JUnitReportReporter -->
<testsuite hostname="Mukilsai" failures="0" tests="1" name="Base.baseclass" time="6.166" errors="0" timestamp="2024-07-12T00:09:18 EDT" skipped="0">
  <testcase classname="Base.baseclass" name="setUpDriver" time="6.166"/>
</testsuite> <!-- Base.baseclass -->
