<?xml version="1.0" encoding="UTF-8"?>
<!-- Generated by org.testng.reporters.JUnitReportReporter -->
<testsuite hostname="Kalpana" failures="0" tests="1" name="Base.baseclass" time="2.857" errors="0" timestamp="2024-07-13T10:12:27 EDT" skipped="0">
  <testcase classname="Base.baseclass" name="setUpDriver" time="2.857"/>
</testsuite> <!-- Base.baseclass -->
