<?xml version="1.0" encoding="UTF-8"?>
<!-- Generated by org.testng.reporters.JUnitReportReporter -->
<testsuite hostname="GiriJay" failures="0" tests="1" name="Recipes_LCHF_Diet.LCHF_Add" time="5439.950" errors="0" timestamp="2024-07-18T10:17:12 EDT" skipped="0">
  <testcase classname="Recipes_LCHF_Diet.LCHF_Add" name="extractRecipe" time="5439.950"/>
  <system-out/>
</testsuite> <!-- Recipes_LCHF_Diet.LCHF_Add -->
