<?xml version="1.0" encoding="UTF-8"?>
<!-- Generated by org.testng.reporters.JUnitReportReporter -->
<testsuite hostname="Kalpana" failures="0" tests="1" name="Start.Scraping" time="0.008" errors="0" timestamp="2024-07-13T19:55:08 EDT" skipped="0">
  <testcase classname="Start.Scraping" name="f" time="0.008"/>
</testsuite> <!-- Start.Scraping -->
