<?xml version="1.0" encoding="UTF-8"?>
<!-- Generated by org.testng.reporters.JUnitReportReporter -->
<testsuite hostname="GiriJay" failures="0" tests="1" name="Recipes_LFV_Diet.LFV_Eliminate" time="95.193" errors="0" timestamp="2024-07-12T08:56:21 EDT" skipped="0">
  <testcase classname="Recipes_LFV_Diet.LFV_Eliminate" name="extractRecipe" time="95.193"/>
  <system-out/>
</testsuite> <!-- Recipes_LFV_Diet.LFV_Eliminate -->
