<?xml version="1.0" encoding="UTF-8"?>
<!-- Generated by org.testng.reporters.JUnitReportReporter -->
<testsuite hostname="GiriJay" failures="0" tests="1" name="Allergies.LFV_Allergy_Milk" time="1100.494" errors="0" timestamp="2024-07-18T13:10:00 EDT" skipped="0">
  <testcase classname="Allergies.LFV_Allergy_Milk" name="extractRecipe" time="1100.494"/>
  <system-out/>
</testsuite> <!-- Allergies.LFV_Allergy_Milk -->
