<?xml version="1.0" encoding="UTF-8"?>
<!-- Generated by org.testng.reporters.JUnitReportReporter -->
<testsuite hostname="GiriJay" failures="0" tests="2" name="Recipes_LFV_Diet.LFV_eliminate" time="431.685" errors="0" timestamp="2024-07-11T11:02:58 EDT" skipped="0">
  <testcase classname="Recipes_LFV_Diet.LFV_eliminate" name="extractRecipe" time="428.382"/>
  <system-out/>
  <testcase classname="Recipes_LFV_Diet.LFV_eliminate" name="setUpDriver" time="3.303"/>
  <system-out/>
</testsuite> <!-- Recipes_LFV_Diet.LFV_eliminate -->
